<?xml version="1.0" encoding="UTF-8"?>
<!-- Generated by org.testng.reporters.JUnitXMLReporter -->
<testsuite hostname="DESKTOP-D41SNQ1" name="Test" tests="1" failures="1" timestamp="2 Dec 2017 04:36:54 GMT" time="0.172" errors="0">
  <testcase name="m2" time="0.043" classname="dec2.Listeners1">
    <failure type="java.lang.AssertionError" message="expected [true] but found [false]">
      <![CDATA[java.lang.AssertionError: expected [true] but found [false]
	at dec2.Listeners1.m2(Listeners1.java:13)
... Removed 29 stack frames]]>
    </failure>
  </testcase> <!-- m2 -->
</testsuite> <!-- Test -->
